2017-04-12 16:54:48,001  INFO SpringbootLog4jAopApplication:48 - Starting SpringbootLog4jAopApplication on DESKTOP-JF9M0VD with PID 4592 (D:\ideaWorkspace\Springboot1.5.2_Learning\springboot-log4j-aop\target\classes started by zhangtian in D:\ideaWorkspace\Springboot1.5.2_Learning)
2017-04-12 16:54:48,027 DEBUG SpringbootLog4jAopApplication:51 - Running with Spring Boot v1.5.2.RELEASE, Spring v4.3.7.RELEASE
2017-04-12 16:54:48,029  INFO SpringbootLog4jAopApplication:637 - No active profile set, falling back to default profiles: default
2017-04-12 16:54:48,138  INFO AnnotationConfigEmbeddedWebApplicationContext:582 - Refreshing org.springframework.boot.context.embedded.AnnotationConfigEmbeddedWebApplicationContext@131774fe: startup date [Wed Apr 12 16:54:48 CST 2017]; root of context hierarchy
2017-04-12 16:54:49,069  INFO Version:30 - HV000001: Hibernate Validator 5.3.4.Final
2017-04-12 16:54:50,547  INFO TomcatEmbeddedServletContainer:89 - Tomcat initialized with port(s): 8080 (http)
2017-04-12 16:54:50,663  INFO ContextLoader:276 - Root WebApplicationContext: initialization completed in 2529 ms
2017-04-12 16:54:50,954  INFO ServletRegistrationBean:190 - Mapping servlet: 'dispatcherServlet' to [/]
2017-04-12 16:54:50,960  INFO FilterRegistrationBean:258 - Mapping filter: 'characterEncodingFilter' to: [/*]
2017-04-12 16:54:50,961  INFO FilterRegistrationBean:258 - Mapping filter: 'hiddenHttpMethodFilter' to: [/*]
2017-04-12 16:54:50,961  INFO FilterRegistrationBean:258 - Mapping filter: 'httpPutFormContentFilter' to: [/*]
2017-04-12 16:54:50,962  INFO FilterRegistrationBean:258 - Mapping filter: 'requestContextFilter' to: [/*]
2017-04-12 16:54:51,394  INFO RequestMappingHandlerAdapter:534 - Looking for @ControllerAdvice: org.springframework.boot.context.embedded.AnnotationConfigEmbeddedWebApplicationContext@131774fe: startup date [Wed Apr 12 16:54:48 CST 2017]; root of context hierarchy
2017-04-12 16:54:51,456  INFO RequestMappingHandlerMapping:543 - Mapped "{[/hello],methods=[GET]}" onto public java.lang.String cn.itcast.zt.web.HelloController.hello(java.lang.String)
2017-04-12 16:54:51,470  INFO RequestMappingHandlerMapping:543 - Mapped "{[/error]}" onto public org.springframework.http.ResponseEntity<java.util.Map<java.lang.String, java.lang.Object>> org.springframework.boot.autoconfigure.web.BasicErrorController.error(javax.servlet.http.HttpServletRequest)
2017-04-12 16:54:51,470  INFO RequestMappingHandlerMapping:543 - Mapped "{[/error],produces=[text/html]}" onto public org.springframework.web.servlet.ModelAndView org.springframework.boot.autoconfigure.web.BasicErrorController.errorHtml(javax.servlet.http.HttpServletRequest,javax.servlet.http.HttpServletResponse)
2017-04-12 16:54:51,508  INFO SimpleUrlHandlerMapping:362 - Mapped URL path [/webjars/**] onto handler of type [class org.springframework.web.servlet.resource.ResourceHttpRequestHandler]
2017-04-12 16:54:51,508  INFO SimpleUrlHandlerMapping:362 - Mapped URL path [/**] onto handler of type [class org.springframework.web.servlet.resource.ResourceHttpRequestHandler]
2017-04-12 16:54:51,558  INFO SimpleUrlHandlerMapping:362 - Mapped URL path [/**/favicon.ico] onto handler of type [class org.springframework.web.servlet.resource.ResourceHttpRequestHandler]
2017-04-12 16:54:51,836  INFO AnnotationMBeanExporter:431 - Registering beans for JMX exposure on startup
2017-04-12 16:54:51,901  INFO TomcatEmbeddedServletContainer:198 - Tomcat started on port(s): 8080 (http)
2017-04-12 16:54:51,909  INFO SpringbootLog4jAopApplication:57 - Started SpringbootLog4jAopApplication in 4.392 seconds (JVM running for 5.64)
2017-04-12 16:55:22,131  INFO DispatcherServlet:489 - FrameworkServlet 'dispatcherServlet': initialization started
2017-04-12 16:55:22,154  INFO DispatcherServlet:508 - FrameworkServlet 'dispatcherServlet': initialization completed in 22 ms
2017-04-12 16:56:50,829  INFO SpringbootLog4jAopApplication:48 - Starting SpringbootLog4jAopApplication on DESKTOP-JF9M0VD with PID 11148 (D:\ideaWorkspace\Springboot1.5.2_Learning\springboot-log4j-aop\target\classes started by zhangtian in D:\ideaWorkspace\Springboot1.5.2_Learning)
2017-04-12 16:56:50,832 DEBUG SpringbootLog4jAopApplication:51 - Running with Spring Boot v1.5.2.RELEASE, Spring v4.3.7.RELEASE
2017-04-12 16:56:50,833  INFO SpringbootLog4jAopApplication:637 - No active profile set, falling back to default profiles: default
2017-04-12 16:56:50,934  INFO AnnotationConfigEmbeddedWebApplicationContext:582 - Refreshing org.springframework.boot.context.embedded.AnnotationConfigEmbeddedWebApplicationContext@131774fe: startup date [Wed Apr 12 16:56:50 CST 2017]; root of context hierarchy
2017-04-12 16:56:51,325  INFO Version:30 - HV000001: Hibernate Validator 5.3.4.Final
2017-04-12 16:56:53,682  INFO TomcatEmbeddedServletContainer:89 - Tomcat initialized with port(s): 8080 (http)
2017-04-12 16:56:53,834  INFO ContextLoader:276 - Root WebApplicationContext: initialization completed in 2904 ms
2017-04-12 16:56:53,988  INFO ServletRegistrationBean:190 - Mapping servlet: 'dispatcherServlet' to [/]
2017-04-12 16:56:53,994  INFO FilterRegistrationBean:258 - Mapping filter: 'characterEncodingFilter' to: [/*]
2017-04-12 16:56:53,995  INFO FilterRegistrationBean:258 - Mapping filter: 'hiddenHttpMethodFilter' to: [/*]
2017-04-12 16:56:53,995  INFO FilterRegistrationBean:258 - Mapping filter: 'httpPutFormContentFilter' to: [/*]
2017-04-12 16:56:53,996  INFO FilterRegistrationBean:258 - Mapping filter: 'requestContextFilter' to: [/*]
2017-04-12 16:56:54,437  INFO RequestMappingHandlerAdapter:534 - Looking for @ControllerAdvice: org.springframework.boot.context.embedded.AnnotationConfigEmbeddedWebApplicationContext@131774fe: startup date [Wed Apr 12 16:56:50 CST 2017]; root of context hierarchy
2017-04-12 16:56:54,512  INFO RequestMappingHandlerMapping:543 - Mapped "{[/hello],methods=[GET]}" onto public java.lang.String cn.itcast.zt.web.HelloController.hello(java.lang.String)
2017-04-12 16:56:54,517  INFO RequestMappingHandlerMapping:543 - Mapped "{[/error]}" onto public org.springframework.http.ResponseEntity<java.util.Map<java.lang.String, java.lang.Object>> org.springframework.boot.autoconfigure.web.BasicErrorController.error(javax.servlet.http.HttpServletRequest)
2017-04-12 16:56:54,518  INFO RequestMappingHandlerMapping:543 - Mapped "{[/error],produces=[text/html]}" onto public org.springframework.web.servlet.ModelAndView org.springframework.boot.autoconfigure.web.BasicErrorController.errorHtml(javax.servlet.http.HttpServletRequest,javax.servlet.http.HttpServletResponse)
2017-04-12 16:56:54,555  INFO SimpleUrlHandlerMapping:362 - Mapped URL path [/webjars/**] onto handler of type [class org.springframework.web.servlet.resource.ResourceHttpRequestHandler]
2017-04-12 16:56:54,555  INFO SimpleUrlHandlerMapping:362 - Mapped URL path [/**] onto handler of type [class org.springframework.web.servlet.resource.ResourceHttpRequestHandler]
2017-04-12 16:56:54,598  INFO SimpleUrlHandlerMapping:362 - Mapped URL path [/**/favicon.ico] onto handler of type [class org.springframework.web.servlet.resource.ResourceHttpRequestHandler]
2017-04-12 16:56:54,862  INFO AnnotationMBeanExporter:431 - Registering beans for JMX exposure on startup
2017-04-12 16:56:54,919  INFO TomcatEmbeddedServletContainer:198 - Tomcat started on port(s): 8080 (http)
2017-04-12 16:56:54,924  INFO SpringbootLog4jAopApplication:57 - Started SpringbootLog4jAopApplication in 4.516 seconds (JVM running for 5.168)
2017-04-12 16:57:19,684  INFO DispatcherServlet:489 - FrameworkServlet 'dispatcherServlet': initialization started
2017-04-12 16:57:19,705  INFO DispatcherServlet:508 - FrameworkServlet 'dispatcherServlet': initialization completed in 21 ms
2017-04-12 16:59:54,009  INFO SpringbootLog4jAopApplication:48 - Starting SpringbootLog4jAopApplication on DESKTOP-JF9M0VD with PID 5992 (D:\ideaWorkspace\Springboot1.5.2_Learning\springboot-log4j-aop\target\classes started by zhangtian in D:\ideaWorkspace\Springboot1.5.2_Learning)
2017-04-12 16:59:54,015 DEBUG SpringbootLog4jAopApplication:51 - Running with Spring Boot v1.5.2.RELEASE, Spring v4.3.7.RELEASE
2017-04-12 16:59:54,017  INFO SpringbootLog4jAopApplication:637 - No active profile set, falling back to default profiles: default
2017-04-12 16:59:54,090  INFO AnnotationConfigEmbeddedWebApplicationContext:582 - Refreshing org.springframework.boot.context.embedded.AnnotationConfigEmbeddedWebApplicationContext@131774fe: startup date [Wed Apr 12 16:59:54 CST 2017]; root of context hierarchy
2017-04-12 16:59:54,443  INFO Version:30 - HV000001: Hibernate Validator 5.3.4.Final
2017-04-12 16:59:56,790  INFO TomcatEmbeddedServletContainer:89 - Tomcat initialized with port(s): 8080 (http)
2017-04-12 16:59:56,986  INFO ContextLoader:276 - Root WebApplicationContext: initialization completed in 2900 ms
2017-04-12 16:59:57,263  INFO ServletRegistrationBean:190 - Mapping servlet: 'dispatcherServlet' to [/]
2017-04-12 16:59:57,271  INFO FilterRegistrationBean:258 - Mapping filter: 'characterEncodingFilter' to: [/*]
2017-04-12 16:59:57,272  INFO FilterRegistrationBean:258 - Mapping filter: 'hiddenHttpMethodFilter' to: [/*]
2017-04-12 16:59:57,272  INFO FilterRegistrationBean:258 - Mapping filter: 'httpPutFormContentFilter' to: [/*]
2017-04-12 16:59:57,273  INFO FilterRegistrationBean:258 - Mapping filter: 'requestContextFilter' to: [/*]
2017-04-12 16:59:57,707  INFO RequestMappingHandlerAdapter:534 - Looking for @ControllerAdvice: org.springframework.boot.context.embedded.AnnotationConfigEmbeddedWebApplicationContext@131774fe: startup date [Wed Apr 12 16:59:54 CST 2017]; root of context hierarchy
2017-04-12 16:59:57,786  INFO RequestMappingHandlerMapping:543 - Mapped "{[/hello],methods=[GET]}" onto public java.lang.String cn.itcast.zt.web.HelloController.hello(java.lang.String)
2017-04-12 16:59:57,790  INFO RequestMappingHandlerMapping:543 - Mapped "{[/error]}" onto public org.springframework.http.ResponseEntity<java.util.Map<java.lang.String, java.lang.Object>> org.springframework.boot.autoconfigure.web.BasicErrorController.error(javax.servlet.http.HttpServletRequest)
2017-04-12 16:59:57,791  INFO RequestMappingHandlerMapping:543 - Mapped "{[/error],produces=[text/html]}" onto public org.springframework.web.servlet.ModelAndView org.springframework.boot.autoconfigure.web.BasicErrorController.errorHtml(javax.servlet.http.HttpServletRequest,javax.servlet.http.HttpServletResponse)
2017-04-12 16:59:57,848  INFO SimpleUrlHandlerMapping:362 - Mapped URL path [/webjars/**] onto handler of type [class org.springframework.web.servlet.resource.ResourceHttpRequestHandler]
2017-04-12 16:59:57,849  INFO SimpleUrlHandlerMapping:362 - Mapped URL path [/**] onto handler of type [class org.springframework.web.servlet.resource.ResourceHttpRequestHandler]
2017-04-12 16:59:57,900  INFO SimpleUrlHandlerMapping:362 - Mapped URL path [/**/favicon.ico] onto handler of type [class org.springframework.web.servlet.resource.ResourceHttpRequestHandler]
2017-04-12 16:59:58,244  INFO AnnotationMBeanExporter:431 - Registering beans for JMX exposure on startup
2017-04-12 16:59:58,333  INFO TomcatEmbeddedServletContainer:198 - Tomcat started on port(s): 8080 (http)
2017-04-12 16:59:58,337  INFO SpringbootLog4jAopApplication:57 - Started SpringbootLog4jAopApplication in 4.673 seconds (JVM running for 5.461)
2017-04-12 17:00:07,019  INFO DispatcherServlet:489 - FrameworkServlet 'dispatcherServlet': initialization started
2017-04-12 17:00:07,043  INFO DispatcherServlet:508 - FrameworkServlet 'dispatcherServlet': initialization completed in 24 ms
2017-04-12 17:00:07,083  INFO WebLogAspect:41 - URL : http://127.0.0.1:8080/hello
2017-04-12 17:00:07,084  INFO WebLogAspect:42 - HTTP_METHOD : GET
2017-04-12 17:00:07,084  INFO WebLogAspect:43 - IP : 127.0.0.1
2017-04-12 17:00:07,106  INFO WebLogAspect:44 - CLASS_METHOD : cn.itcast.zt.web.HelloController.hello
2017-04-12 17:00:07,107  INFO WebLogAspect:45 - ARGS : [张田111]
2017-04-12 17:00:07,111  INFO WebLogAspect:51 - RESPONSE : Hello 张田111
2017-04-12 17:00:07,111  INFO WebLogAspect:52 - SPEND TIME : 28
2017-04-12 17:14:35,484  INFO SpringbootLog4jAopApplication:48 - Starting SpringbootLog4jAopApplication on DESKTOP-JF9M0VD with PID 10772 (D:\ideaWorkspace\Springboot1.5.2_Learning\springboot-log4j-aop\target\classes started by zhangtian in D:\ideaWorkspace\Springboot1.5.2_Learning)
2017-04-12 17:14:35,487 DEBUG SpringbootLog4jAopApplication:51 - Running with Spring Boot v1.5.2.RELEASE, Spring v4.3.7.RELEASE
2017-04-12 17:14:35,488  INFO SpringbootLog4jAopApplication:637 - No active profile set, falling back to default profiles: default
2017-04-12 17:14:35,563  INFO AnnotationConfigEmbeddedWebApplicationContext:582 - Refreshing org.springframework.boot.context.embedded.AnnotationConfigEmbeddedWebApplicationContext@6adbc9d: startup date [Wed Apr 12 17:14:35 CST 2017]; root of context hierarchy
2017-04-12 17:14:36,053  INFO Version:30 - HV000001: Hibernate Validator 5.3.4.Final
2017-04-12 17:14:38,619  INFO TomcatEmbeddedServletContainer:89 - Tomcat initialized with port(s): 8080 (http)
2017-04-12 17:14:38,772  INFO ContextLoader:276 - Root WebApplicationContext: initialization completed in 3214 ms
2017-04-12 17:14:39,033  INFO ServletRegistrationBean:190 - Mapping servlet: 'dispatcherServlet' to [/]
2017-04-12 17:14:39,037  INFO FilterRegistrationBean:258 - Mapping filter: 'characterEncodingFilter' to: [/*]
2017-04-12 17:14:39,037  INFO FilterRegistrationBean:258 - Mapping filter: 'hiddenHttpMethodFilter' to: [/*]
2017-04-12 17:14:39,038  INFO FilterRegistrationBean:258 - Mapping filter: 'httpPutFormContentFilter' to: [/*]
2017-04-12 17:14:39,038  INFO FilterRegistrationBean:258 - Mapping filter: 'requestContextFilter' to: [/*]
2017-04-12 17:14:39,528  INFO RequestMappingHandlerAdapter:534 - Looking for @ControllerAdvice: org.springframework.boot.context.embedded.AnnotationConfigEmbeddedWebApplicationContext@6adbc9d: startup date [Wed Apr 12 17:14:35 CST 2017]; root of context hierarchy
2017-04-12 17:14:39,602  INFO RequestMappingHandlerMapping:543 - Mapped "{[/hello],methods=[GET]}" onto public java.lang.String cn.itcast.zt.web.HelloController.hello(java.lang.String)
2017-04-12 17:14:39,608  INFO RequestMappingHandlerMapping:543 - Mapped "{[/error]}" onto public org.springframework.http.ResponseEntity<java.util.Map<java.lang.String, java.lang.Object>> org.springframework.boot.autoconfigure.web.BasicErrorController.error(javax.servlet.http.HttpServletRequest)
2017-04-12 17:14:39,609  INFO RequestMappingHandlerMapping:543 - Mapped "{[/error],produces=[text/html]}" onto public org.springframework.web.servlet.ModelAndView org.springframework.boot.autoconfigure.web.BasicErrorController.errorHtml(javax.servlet.http.HttpServletRequest,javax.servlet.http.HttpServletResponse)
2017-04-12 17:14:39,680  INFO SimpleUrlHandlerMapping:362 - Mapped URL path [/webjars/**] onto handler of type [class org.springframework.web.servlet.resource.ResourceHttpRequestHandler]
2017-04-12 17:14:39,681  INFO SimpleUrlHandlerMapping:362 - Mapped URL path [/**] onto handler of type [class org.springframework.web.servlet.resource.ResourceHttpRequestHandler]
2017-04-12 17:14:39,749  INFO SimpleUrlHandlerMapping:362 - Mapped URL path [/**/favicon.ico] onto handler of type [class org.springframework.web.servlet.resource.ResourceHttpRequestHandler]
2017-04-12 17:14:40,133  INFO cluster:71 - Cluster created with settings {hosts=[localhost:27017], mode=SINGLE, requiredClusterType=UNKNOWN, serverSelectionTimeout='30000 ms', maxWaitQueueSize=500}
2017-04-12 17:14:40,371  INFO AnnotationMBeanExporter:431 - Registering beans for JMX exposure on startup
2017-04-12 17:14:40,421  INFO TomcatEmbeddedServletContainer:198 - Tomcat started on port(s): 8080 (http)
2017-04-12 17:14:40,425  INFO SpringbootLog4jAopApplication:57 - Started SpringbootLog4jAopApplication in 5.338 seconds (JVM running for 6.135)
2017-04-12 17:14:41,192  INFO cluster:76 - Exception in monitor thread while connecting to server localhost:27017
com.mongodb.MongoSocketOpenException: Exception opening socket
	at com.mongodb.connection.SocketStream.open(SocketStream.java:63)
	at com.mongodb.connection.InternalStreamConnection.open(InternalStreamConnection.java:115)
	at com.mongodb.connection.DefaultServerMonitor$ServerMonitorRunnable.run(DefaultServerMonitor.java:113)
	at java.lang.Thread.run(Thread.java:745)
Caused by: java.net.ConnectException: Connection refused: connect
	at java.net.DualStackPlainSocketImpl.waitForConnect(Native Method)
	at java.net.DualStackPlainSocketImpl.socketConnect(DualStackPlainSocketImpl.java:85)
	at java.net.AbstractPlainSocketImpl.doConnect(AbstractPlainSocketImpl.java:350)
	at java.net.AbstractPlainSocketImpl.connectToAddress(AbstractPlainSocketImpl.java:206)
	at java.net.AbstractPlainSocketImpl.connect(AbstractPlainSocketImpl.java:188)
	at java.net.PlainSocketImpl.connect(PlainSocketImpl.java:172)
	at java.net.SocksSocketImpl.connect(SocksSocketImpl.java:392)
	at java.net.Socket.connect(Socket.java:589)
	at com.mongodb.connection.SocketStreamHelper.initialize(SocketStreamHelper.java:57)
	at com.mongodb.connection.SocketStream.open(SocketStream.java:58)
	... 3 more
2017-04-12 17:15:56,118  INFO SpringbootLog4jAopApplication:48 - Starting SpringbootLog4jAopApplication on DESKTOP-JF9M0VD with PID 5784 (D:\ideaWorkspace\Springboot1.5.2_Learning\springboot-log4j-aop\target\classes started by zhangtian in D:\ideaWorkspace\Springboot1.5.2_Learning)
2017-04-12 17:15:56,122 DEBUG SpringbootLog4jAopApplication:51 - Running with Spring Boot v1.5.2.RELEASE, Spring v4.3.7.RELEASE
2017-04-12 17:15:56,123  INFO SpringbootLog4jAopApplication:637 - No active profile set, falling back to default profiles: default
2017-04-12 17:15:56,214  INFO AnnotationConfigEmbeddedWebApplicationContext:582 - Refreshing org.springframework.boot.context.embedded.AnnotationConfigEmbeddedWebApplicationContext@6adbc9d: startup date [Wed Apr 12 17:15:56 CST 2017]; root of context hierarchy
2017-04-12 17:15:56,727  INFO Version:30 - HV000001: Hibernate Validator 5.3.4.Final
2017-04-12 17:15:59,279  INFO TomcatEmbeddedServletContainer:89 - Tomcat initialized with port(s): 8080 (http)
2017-04-12 17:15:59,394  INFO ContextLoader:276 - Root WebApplicationContext: initialization completed in 3184 ms
2017-04-12 17:15:59,628  INFO ServletRegistrationBean:190 - Mapping servlet: 'dispatcherServlet' to [/]
2017-04-12 17:15:59,634  INFO FilterRegistrationBean:258 - Mapping filter: 'characterEncodingFilter' to: [/*]
2017-04-12 17:15:59,635  INFO FilterRegistrationBean:258 - Mapping filter: 'hiddenHttpMethodFilter' to: [/*]
2017-04-12 17:15:59,635  INFO FilterRegistrationBean:258 - Mapping filter: 'httpPutFormContentFilter' to: [/*]
2017-04-12 17:15:59,636  INFO FilterRegistrationBean:258 - Mapping filter: 'requestContextFilter' to: [/*]
2017-04-12 17:16:00,104  INFO RequestMappingHandlerAdapter:534 - Looking for @ControllerAdvice: org.springframework.boot.context.embedded.AnnotationConfigEmbeddedWebApplicationContext@6adbc9d: startup date [Wed Apr 12 17:15:56 CST 2017]; root of context hierarchy
2017-04-12 17:16:00,206  INFO RequestMappingHandlerMapping:543 - Mapped "{[/hello],methods=[GET]}" onto public java.lang.String cn.itcast.zt.web.HelloController.hello(java.lang.String)
2017-04-12 17:16:00,210  INFO RequestMappingHandlerMapping:543 - Mapped "{[/error]}" onto public org.springframework.http.ResponseEntity<java.util.Map<java.lang.String, java.lang.Object>> org.springframework.boot.autoconfigure.web.BasicErrorController.error(javax.servlet.http.HttpServletRequest)
2017-04-12 17:16:00,211  INFO RequestMappingHandlerMapping:543 - Mapped "{[/error],produces=[text/html]}" onto public org.springframework.web.servlet.ModelAndView org.springframework.boot.autoconfigure.web.BasicErrorController.errorHtml(javax.servlet.http.HttpServletRequest,javax.servlet.http.HttpServletResponse)
2017-04-12 17:16:00,287  INFO SimpleUrlHandlerMapping:362 - Mapped URL path [/webjars/**] onto handler of type [class org.springframework.web.servlet.resource.ResourceHttpRequestHandler]
2017-04-12 17:16:00,287  INFO SimpleUrlHandlerMapping:362 - Mapped URL path [/**] onto handler of type [class org.springframework.web.servlet.resource.ResourceHttpRequestHandler]
2017-04-12 17:16:00,343  INFO SimpleUrlHandlerMapping:362 - Mapped URL path [/**/favicon.ico] onto handler of type [class org.springframework.web.servlet.resource.ResourceHttpRequestHandler]
2017-04-12 17:16:00,766  INFO cluster:71 - Cluster created with settings {hosts=[localhost:27017], mode=SINGLE, requiredClusterType=UNKNOWN, serverSelectionTimeout='30000 ms', maxWaitQueueSize=500}
2017-04-12 17:16:01,001  INFO AnnotationMBeanExporter:431 - Registering beans for JMX exposure on startup
2017-04-12 17:16:01,066  INFO TomcatEmbeddedServletContainer:198 - Tomcat started on port(s): 8080 (http)
2017-04-12 17:16:01,072  INFO SpringbootLog4jAopApplication:57 - Started SpringbootLog4jAopApplication in 5.395 seconds (JVM running for 6.136)
2017-04-12 17:16:01,921  INFO cluster:76 - Exception in monitor thread while connecting to server localhost:27017
com.mongodb.MongoSocketOpenException: Exception opening socket
	at com.mongodb.connection.SocketStream.open(SocketStream.java:63)
	at com.mongodb.connection.InternalStreamConnection.open(InternalStreamConnection.java:115)
	at com.mongodb.connection.DefaultServerMonitor$ServerMonitorRunnable.run(DefaultServerMonitor.java:113)
	at java.lang.Thread.run(Thread.java:745)
Caused by: java.net.ConnectException: Connection refused: connect
	at java.net.DualStackPlainSocketImpl.waitForConnect(Native Method)
	at java.net.DualStackPlainSocketImpl.socketConnect(DualStackPlainSocketImpl.java:85)
	at java.net.AbstractPlainSocketImpl.doConnect(AbstractPlainSocketImpl.java:350)
	at java.net.AbstractPlainSocketImpl.connectToAddress(AbstractPlainSocketImpl.java:206)
	at java.net.AbstractPlainSocketImpl.connect(AbstractPlainSocketImpl.java:188)
	at java.net.PlainSocketImpl.connect(PlainSocketImpl.java:172)
	at java.net.SocksSocketImpl.connect(SocksSocketImpl.java:392)
	at java.net.Socket.connect(Socket.java:589)
	at com.mongodb.connection.SocketStreamHelper.initialize(SocketStreamHelper.java:57)
	at com.mongodb.connection.SocketStream.open(SocketStream.java:58)
	... 3 more
2017-04-12 17:18:58,812  INFO SpringbootLog4jAopApplication:48 - Starting SpringbootLog4jAopApplication on DESKTOP-JF9M0VD with PID 11096 (D:\ideaWorkspace\Springboot1.5.2_Learning\springboot-log4j-aop\target\classes started by zhangtian in D:\ideaWorkspace\Springboot1.5.2_Learning)
2017-04-12 17:18:58,816 DEBUG SpringbootLog4jAopApplication:51 - Running with Spring Boot v1.5.2.RELEASE, Spring v4.3.7.RELEASE
2017-04-12 17:18:58,817  INFO SpringbootLog4jAopApplication:637 - No active profile set, falling back to default profiles: default
2017-04-12 17:18:58,975  INFO AnnotationConfigEmbeddedWebApplicationContext:582 - Refreshing org.springframework.boot.context.embedded.AnnotationConfigEmbeddedWebApplicationContext@6adbc9d: startup date [Wed Apr 12 17:18:58 CST 2017]; root of context hierarchy
2017-04-12 17:18:59,580  INFO Version:30 - HV000001: Hibernate Validator 5.3.4.Final
2017-04-12 17:19:01,983  INFO TomcatEmbeddedServletContainer:89 - Tomcat initialized with port(s): 8080 (http)
2017-04-12 17:19:02,089  INFO ContextLoader:276 - Root WebApplicationContext: initialization completed in 3119 ms
2017-04-12 17:19:02,280  INFO ServletRegistrationBean:190 - Mapping servlet: 'dispatcherServlet' to [/]
2017-04-12 17:19:02,284  INFO FilterRegistrationBean:258 - Mapping filter: 'characterEncodingFilter' to: [/*]
2017-04-12 17:19:02,285  INFO FilterRegistrationBean:258 - Mapping filter: 'hiddenHttpMethodFilter' to: [/*]
2017-04-12 17:19:02,285  INFO FilterRegistrationBean:258 - Mapping filter: 'httpPutFormContentFilter' to: [/*]
2017-04-12 17:19:02,286  INFO FilterRegistrationBean:258 - Mapping filter: 'requestContextFilter' to: [/*]
2017-04-12 17:19:02,843  INFO RequestMappingHandlerAdapter:534 - Looking for @ControllerAdvice: org.springframework.boot.context.embedded.AnnotationConfigEmbeddedWebApplicationContext@6adbc9d: startup date [Wed Apr 12 17:18:58 CST 2017]; root of context hierarchy
2017-04-12 17:19:02,912  INFO RequestMappingHandlerMapping:543 - Mapped "{[/hello],methods=[GET]}" onto public java.lang.String cn.itcast.zt.web.HelloController.hello(java.lang.String)
2017-04-12 17:19:02,917  INFO RequestMappingHandlerMapping:543 - Mapped "{[/error]}" onto public org.springframework.http.ResponseEntity<java.util.Map<java.lang.String, java.lang.Object>> org.springframework.boot.autoconfigure.web.BasicErrorController.error(javax.servlet.http.HttpServletRequest)
2017-04-12 17:19:02,917  INFO RequestMappingHandlerMapping:543 - Mapped "{[/error],produces=[text/html]}" onto public org.springframework.web.servlet.ModelAndView org.springframework.boot.autoconfigure.web.BasicErrorController.errorHtml(javax.servlet.http.HttpServletRequest,javax.servlet.http.HttpServletResponse)
2017-04-12 17:19:02,985  INFO SimpleUrlHandlerMapping:362 - Mapped URL path [/webjars/**] onto handler of type [class org.springframework.web.servlet.resource.ResourceHttpRequestHandler]
2017-04-12 17:19:02,986  INFO SimpleUrlHandlerMapping:362 - Mapped URL path [/**] onto handler of type [class org.springframework.web.servlet.resource.ResourceHttpRequestHandler]
2017-04-12 17:19:03,050  INFO SimpleUrlHandlerMapping:362 - Mapped URL path [/**/favicon.ico] onto handler of type [class org.springframework.web.servlet.resource.ResourceHttpRequestHandler]
2017-04-12 17:19:03,419  INFO cluster:71 - Cluster created with settings {hosts=[localhost:27017], mode=SINGLE, requiredClusterType=UNKNOWN, serverSelectionTimeout='30000 ms', maxWaitQueueSize=500}
2017-04-12 17:19:03,706  INFO AnnotationMBeanExporter:431 - Registering beans for JMX exposure on startup
2017-04-12 17:19:03,760  INFO TomcatEmbeddedServletContainer:198 - Tomcat started on port(s): 8080 (http)
2017-04-12 17:19:03,766  INFO SpringbootLog4jAopApplication:57 - Started SpringbootLog4jAopApplication in 5.318 seconds (JVM running for 6.149)
2017-04-12 17:19:04,472  INFO cluster:76 - Exception in monitor thread while connecting to server localhost:27017
com.mongodb.MongoSocketOpenException: Exception opening socket
	at com.mongodb.connection.SocketStream.open(SocketStream.java:63)
	at com.mongodb.connection.InternalStreamConnection.open(InternalStreamConnection.java:115)
	at com.mongodb.connection.DefaultServerMonitor$ServerMonitorRunnable.run(DefaultServerMonitor.java:113)
	at java.lang.Thread.run(Thread.java:745)
Caused by: java.net.ConnectException: Connection refused: connect
	at java.net.DualStackPlainSocketImpl.waitForConnect(Native Method)
	at java.net.DualStackPlainSocketImpl.socketConnect(DualStackPlainSocketImpl.java:85)
	at java.net.AbstractPlainSocketImpl.doConnect(AbstractPlainSocketImpl.java:350)
	at java.net.AbstractPlainSocketImpl.connectToAddress(AbstractPlainSocketImpl.java:206)
	at java.net.AbstractPlainSocketImpl.connect(AbstractPlainSocketImpl.java:188)
	at java.net.PlainSocketImpl.connect(PlainSocketImpl.java:172)
	at java.net.SocksSocketImpl.connect(SocksSocketImpl.java:392)
	at java.net.Socket.connect(Socket.java:589)
	at com.mongodb.connection.SocketStreamHelper.initialize(SocketStreamHelper.java:57)
	at com.mongodb.connection.SocketStream.open(SocketStream.java:58)
	... 3 more
2017-04-12 17:21:51,408  INFO SpringbootLog4jAopApplication:48 - Starting SpringbootLog4jAopApplication on DESKTOP-JF9M0VD with PID 5268 (D:\ideaWorkspace\Springboot1.5.2_Learning\springboot-log4j-aop\target\classes started by zhangtian in D:\ideaWorkspace\Springboot1.5.2_Learning)
2017-04-12 17:21:51,411 DEBUG SpringbootLog4jAopApplication:51 - Running with Spring Boot v1.5.2.RELEASE, Spring v4.3.7.RELEASE
2017-04-12 17:21:51,412  INFO SpringbootLog4jAopApplication:637 - No active profile set, falling back to default profiles: default
2017-04-12 17:21:51,485  INFO AnnotationConfigEmbeddedWebApplicationContext:582 - Refreshing org.springframework.boot.context.embedded.AnnotationConfigEmbeddedWebApplicationContext@5c33f1a9: startup date [Wed Apr 12 17:21:51 CST 2017]; root of context hierarchy
2017-04-12 17:21:51,888  INFO Version:30 - HV000001: Hibernate Validator 5.3.4.Final
2017-04-12 17:22:02,689  INFO SpringbootLog4jAopApplication:48 - Starting SpringbootLog4jAopApplication on DESKTOP-JF9M0VD with PID 1576 (D:\ideaWorkspace\Springboot1.5.2_Learning\springboot-log4j-aop\target\classes started by zhangtian in D:\ideaWorkspace\Springboot1.5.2_Learning)
2017-04-12 17:22:02,693 DEBUG SpringbootLog4jAopApplication:51 - Running with Spring Boot v1.5.2.RELEASE, Spring v4.3.7.RELEASE
2017-04-12 17:22:02,694  INFO SpringbootLog4jAopApplication:637 - No active profile set, falling back to default profiles: default
2017-04-12 17:22:02,783  INFO AnnotationConfigEmbeddedWebApplicationContext:582 - Refreshing org.springframework.boot.context.embedded.AnnotationConfigEmbeddedWebApplicationContext@5c33f1a9: startup date [Wed Apr 12 17:22:02 CST 2017]; root of context hierarchy
2017-04-12 17:22:03,332  INFO Version:30 - HV000001: Hibernate Validator 5.3.4.Final
2017-04-12 17:22:05,646  INFO TomcatEmbeddedServletContainer:89 - Tomcat initialized with port(s): 8080 (http)
2017-04-12 17:22:05,750  INFO ContextLoader:276 - Root WebApplicationContext: initialization completed in 2971 ms
2017-04-12 17:22:05,950  INFO ServletRegistrationBean:190 - Mapping servlet: 'dispatcherServlet' to [/]
2017-04-12 17:22:05,956  INFO FilterRegistrationBean:258 - Mapping filter: 'characterEncodingFilter' to: [/*]
2017-04-12 17:22:05,957  INFO FilterRegistrationBean:258 - Mapping filter: 'hiddenHttpMethodFilter' to: [/*]
2017-04-12 17:22:05,958  INFO FilterRegistrationBean:258 - Mapping filter: 'httpPutFormContentFilter' to: [/*]
2017-04-12 17:22:05,958  INFO FilterRegistrationBean:258 - Mapping filter: 'requestContextFilter' to: [/*]
2017-04-12 17:22:06,519  INFO RequestMappingHandlerAdapter:534 - Looking for @ControllerAdvice: org.springframework.boot.context.embedded.AnnotationConfigEmbeddedWebApplicationContext@5c33f1a9: startup date [Wed Apr 12 17:22:02 CST 2017]; root of context hierarchy
2017-04-12 17:22:06,601  INFO RequestMappingHandlerMapping:543 - Mapped "{[/hello],methods=[GET]}" onto public java.lang.String cn.itcast.zt.web.HelloController.hello(java.lang.String)
2017-04-12 17:22:06,604  INFO RequestMappingHandlerMapping:543 - Mapped "{[/error]}" onto public org.springframework.http.ResponseEntity<java.util.Map<java.lang.String, java.lang.Object>> org.springframework.boot.autoconfigure.web.BasicErrorController.error(javax.servlet.http.HttpServletRequest)
2017-04-12 17:22:06,604  INFO RequestMappingHandlerMapping:543 - Mapped "{[/error],produces=[text/html]}" onto public org.springframework.web.servlet.ModelAndView org.springframework.boot.autoconfigure.web.BasicErrorController.errorHtml(javax.servlet.http.HttpServletRequest,javax.servlet.http.HttpServletResponse)
2017-04-12 17:22:06,782  INFO SimpleUrlHandlerMapping:362 - Mapped URL path [/webjars/**] onto handler of type [class org.springframework.web.servlet.resource.ResourceHttpRequestHandler]
2017-04-12 17:22:06,782  INFO SimpleUrlHandlerMapping:362 - Mapped URL path [/**] onto handler of type [class org.springframework.web.servlet.resource.ResourceHttpRequestHandler]
2017-04-12 17:22:06,840  INFO SimpleUrlHandlerMapping:362 - Mapped URL path [/**/favicon.ico] onto handler of type [class org.springframework.web.servlet.resource.ResourceHttpRequestHandler]
2017-04-12 17:22:07,187  INFO cluster:71 - Cluster created with settings {hosts=[localhost:27017], mode=SINGLE, requiredClusterType=UNKNOWN, serverSelectionTimeout='30000 ms', maxWaitQueueSize=500}
2017-04-12 17:22:07,429  INFO AnnotationMBeanExporter:431 - Registering beans for JMX exposure on startup
2017-04-12 17:22:07,494  INFO TomcatEmbeddedServletContainer:198 - Tomcat started on port(s): 8080 (http)
2017-04-12 17:22:07,500  INFO SpringbootLog4jAopApplication:57 - Started SpringbootLog4jAopApplication in 5.15 seconds (JVM running for 5.896)
2017-04-12 17:22:08,380  INFO cluster:76 - Exception in monitor thread while connecting to server localhost:27017
com.mongodb.MongoSocketOpenException: Exception opening socket
	at com.mongodb.connection.SocketStream.open(SocketStream.java:63)
	at com.mongodb.connection.InternalStreamConnection.open(InternalStreamConnection.java:115)
	at com.mongodb.connection.DefaultServerMonitor$ServerMonitorRunnable.run(DefaultServerMonitor.java:113)
	at java.lang.Thread.run(Thread.java:745)
Caused by: java.net.ConnectException: Connection refused: connect
	at java.net.DualStackPlainSocketImpl.waitForConnect(Native Method)
	at java.net.DualStackPlainSocketImpl.socketConnect(DualStackPlainSocketImpl.java:85)
	at java.net.AbstractPlainSocketImpl.doConnect(AbstractPlainSocketImpl.java:350)
	at java.net.AbstractPlainSocketImpl.connectToAddress(AbstractPlainSocketImpl.java:206)
	at java.net.AbstractPlainSocketImpl.connect(AbstractPlainSocketImpl.java:188)
	at java.net.PlainSocketImpl.connect(PlainSocketImpl.java:172)
	at java.net.SocksSocketImpl.connect(SocksSocketImpl.java:392)
	at java.net.Socket.connect(Socket.java:589)
	at com.mongodb.connection.SocketStreamHelper.initialize(SocketStreamHelper.java:57)
	at com.mongodb.connection.SocketStream.open(SocketStream.java:58)
	... 3 more
2017-04-12 17:25:08,587  INFO SpringbootLog4jAopApplication:48 - Starting SpringbootLog4jAopApplication on DESKTOP-JF9M0VD with PID 3488 (D:\ideaWorkspace\Springboot1.5.2_Learning\springboot-log4j-aop\target\classes started by zhangtian in D:\ideaWorkspace\Springboot1.5.2_Learning)
2017-04-12 17:25:08,590 DEBUG SpringbootLog4jAopApplication:51 - Running with Spring Boot v1.5.2.RELEASE, Spring v4.3.7.RELEASE
2017-04-12 17:25:08,591  INFO SpringbootLog4jAopApplication:637 - No active profile set, falling back to default profiles: default
2017-04-12 17:25:08,674  INFO AnnotationConfigEmbeddedWebApplicationContext:582 - Refreshing org.springframework.boot.context.embedded.AnnotationConfigEmbeddedWebApplicationContext@5c33f1a9: startup date [Wed Apr 12 17:25:08 CST 2017]; root of context hierarchy
2017-04-12 17:25:09,126  INFO Version:30 - HV000001: Hibernate Validator 5.3.4.Final
2017-04-12 17:25:11,227  INFO TomcatEmbeddedServletContainer:89 - Tomcat initialized with port(s): 8080 (http)
2017-04-12 17:25:11,344  INFO ContextLoader:276 - Root WebApplicationContext: initialization completed in 2679 ms
2017-04-12 17:25:11,537  INFO ServletRegistrationBean:190 - Mapping servlet: 'dispatcherServlet' to [/]
2017-04-12 17:25:11,545  INFO FilterRegistrationBean:258 - Mapping filter: 'characterEncodingFilter' to: [/*]
2017-04-12 17:25:11,546  INFO FilterRegistrationBean:258 - Mapping filter: 'hiddenHttpMethodFilter' to: [/*]
2017-04-12 17:25:11,546  INFO FilterRegistrationBean:258 - Mapping filter: 'httpPutFormContentFilter' to: [/*]
2017-04-12 17:25:11,547  INFO FilterRegistrationBean:258 - Mapping filter: 'requestContextFilter' to: [/*]
2017-04-12 17:25:12,100  INFO RequestMappingHandlerAdapter:534 - Looking for @ControllerAdvice: org.springframework.boot.context.embedded.AnnotationConfigEmbeddedWebApplicationContext@5c33f1a9: startup date [Wed Apr 12 17:25:08 CST 2017]; root of context hierarchy
2017-04-12 17:25:12,173  INFO RequestMappingHandlerMapping:543 - Mapped "{[/hello],methods=[GET]}" onto public java.lang.String cn.itcast.zt.web.HelloController.hello(java.lang.String)
2017-04-12 17:25:12,177  INFO RequestMappingHandlerMapping:543 - Mapped "{[/error]}" onto public org.springframework.http.ResponseEntity<java.util.Map<java.lang.String, java.lang.Object>> org.springframework.boot.autoconfigure.web.BasicErrorController.error(javax.servlet.http.HttpServletRequest)
2017-04-12 17:25:12,178  INFO RequestMappingHandlerMapping:543 - Mapped "{[/error],produces=[text/html]}" onto public org.springframework.web.servlet.ModelAndView org.springframework.boot.autoconfigure.web.BasicErrorController.errorHtml(javax.servlet.http.HttpServletRequest,javax.servlet.http.HttpServletResponse)
2017-04-12 17:25:12,248  INFO SimpleUrlHandlerMapping:362 - Mapped URL path [/webjars/**] onto handler of type [class org.springframework.web.servlet.resource.ResourceHttpRequestHandler]
2017-04-12 17:25:12,249  INFO SimpleUrlHandlerMapping:362 - Mapped URL path [/**] onto handler of type [class org.springframework.web.servlet.resource.ResourceHttpRequestHandler]
2017-04-12 17:25:12,306  INFO SimpleUrlHandlerMapping:362 - Mapped URL path [/**/favicon.ico] onto handler of type [class org.springframework.web.servlet.resource.ResourceHttpRequestHandler]
2017-04-12 17:25:12,665  INFO cluster:71 - Cluster created with settings {hosts=[localhost:27017], mode=SINGLE, requiredClusterType=UNKNOWN, serverSelectionTimeout='30000 ms', maxWaitQueueSize=500}
2017-04-12 17:25:12,903  INFO AnnotationMBeanExporter:431 - Registering beans for JMX exposure on startup
2017-04-12 17:25:12,953  INFO TomcatEmbeddedServletContainer:198 - Tomcat started on port(s): 8080 (http)
2017-04-12 17:25:12,959  INFO SpringbootLog4jAopApplication:57 - Started SpringbootLog4jAopApplication in 4.723 seconds (JVM running for 5.469)
2017-04-12 17:25:13,786  INFO cluster:76 - Exception in monitor thread while connecting to server localhost:27017
com.mongodb.MongoSocketOpenException: Exception opening socket
	at com.mongodb.connection.SocketStream.open(SocketStream.java:63)
	at com.mongodb.connection.InternalStreamConnection.open(InternalStreamConnection.java:115)
	at com.mongodb.connection.DefaultServerMonitor$ServerMonitorRunnable.run(DefaultServerMonitor.java:113)
	at java.lang.Thread.run(Thread.java:745)
Caused by: java.net.ConnectException: Connection refused: connect
	at java.net.DualStackPlainSocketImpl.waitForConnect(Native Method)
	at java.net.DualStackPlainSocketImpl.socketConnect(DualStackPlainSocketImpl.java:85)
	at java.net.AbstractPlainSocketImpl.doConnect(AbstractPlainSocketImpl.java:350)
	at java.net.AbstractPlainSocketImpl.connectToAddress(AbstractPlainSocketImpl.java:206)
	at java.net.AbstractPlainSocketImpl.connect(AbstractPlainSocketImpl.java:188)
	at java.net.PlainSocketImpl.connect(PlainSocketImpl.java:172)
	at java.net.SocksSocketImpl.connect(SocksSocketImpl.java:392)
	at java.net.Socket.connect(Socket.java:589)
	at com.mongodb.connection.SocketStreamHelper.initialize(SocketStreamHelper.java:57)
	at com.mongodb.connection.SocketStream.open(SocketStream.java:58)
	... 3 more
2017-04-12 17:26:07,442  INFO SpringbootLog4jAopApplication:48 - Starting SpringbootLog4jAopApplication on DESKTOP-JF9M0VD with PID 7956 (D:\ideaWorkspace\Springboot1.5.2_Learning\springboot-log4j-aop\target\classes started by zhangtian in D:\ideaWorkspace\Springboot1.5.2_Learning)
2017-04-12 17:26:07,445 DEBUG SpringbootLog4jAopApplication:51 - Running with Spring Boot v1.5.2.RELEASE, Spring v4.3.7.RELEASE
2017-04-12 17:26:07,446  INFO SpringbootLog4jAopApplication:637 - No active profile set, falling back to default profiles: default
2017-04-12 17:26:07,560  INFO AnnotationConfigEmbeddedWebApplicationContext:582 - Refreshing org.springframework.boot.context.embedded.AnnotationConfigEmbeddedWebApplicationContext@5c33f1a9: startup date [Wed Apr 12 17:26:07 CST 2017]; root of context hierarchy
2017-04-12 17:26:08,117  INFO Version:30 - HV000001: Hibernate Validator 5.3.4.Final
2017-04-12 17:26:10,184  INFO TomcatEmbeddedServletContainer:89 - Tomcat initialized with port(s): 8080 (http)
2017-04-12 17:26:10,362  INFO ContextLoader:276 - Root WebApplicationContext: initialization completed in 2808 ms
2017-04-12 17:26:10,584  INFO ServletRegistrationBean:190 - Mapping servlet: 'dispatcherServlet' to [/]
2017-04-12 17:26:10,590  INFO FilterRegistrationBean:258 - Mapping filter: 'characterEncodingFilter' to: [/*]
2017-04-12 17:26:10,591  INFO FilterRegistrationBean:258 - Mapping filter: 'hiddenHttpMethodFilter' to: [/*]
2017-04-12 17:26:10,591  INFO FilterRegistrationBean:258 - Mapping filter: 'httpPutFormContentFilter' to: [/*]
2017-04-12 17:26:10,591  INFO FilterRegistrationBean:258 - Mapping filter: 'requestContextFilter' to: [/*]
2017-04-12 17:26:11,092  INFO RequestMappingHandlerAdapter:534 - Looking for @ControllerAdvice: org.springframework.boot.context.embedded.AnnotationConfigEmbeddedWebApplicationContext@5c33f1a9: startup date [Wed Apr 12 17:26:07 CST 2017]; root of context hierarchy
2017-04-12 17:26:11,164  INFO RequestMappingHandlerMapping:543 - Mapped "{[/hello],methods=[GET]}" onto public java.lang.String cn.itcast.zt.web.HelloController.hello(java.lang.String)
2017-04-12 17:26:11,167  INFO RequestMappingHandlerMapping:543 - Mapped "{[/error]}" onto public org.springframework.http.ResponseEntity<java.util.Map<java.lang.String, java.lang.Object>> org.springframework.boot.autoconfigure.web.BasicErrorController.error(javax.servlet.http.HttpServletRequest)
2017-04-12 17:26:11,168  INFO RequestMappingHandlerMapping:543 - Mapped "{[/error],produces=[text/html]}" onto public org.springframework.web.servlet.ModelAndView org.springframework.boot.autoconfigure.web.BasicErrorController.errorHtml(javax.servlet.http.HttpServletRequest,javax.servlet.http.HttpServletResponse)
2017-04-12 17:26:11,227  INFO SimpleUrlHandlerMapping:362 - Mapped URL path [/webjars/**] onto handler of type [class org.springframework.web.servlet.resource.ResourceHttpRequestHandler]
2017-04-12 17:26:11,227  INFO SimpleUrlHandlerMapping:362 - Mapped URL path [/**] onto handler of type [class org.springframework.web.servlet.resource.ResourceHttpRequestHandler]
2017-04-12 17:26:11,361  INFO SimpleUrlHandlerMapping:362 - Mapped URL path [/**/favicon.ico] onto handler of type [class org.springframework.web.servlet.resource.ResourceHttpRequestHandler]
2017-04-12 17:26:11,774  INFO cluster:71 - Cluster created with settings {hosts=[localhost:27017], mode=SINGLE, requiredClusterType=UNKNOWN, serverSelectionTimeout='30000 ms', maxWaitQueueSize=500}
2017-04-12 17:26:11,982  INFO AnnotationMBeanExporter:431 - Registering beans for JMX exposure on startup
2017-04-12 17:26:12,039  INFO TomcatEmbeddedServletContainer:198 - Tomcat started on port(s): 8080 (http)
2017-04-12 17:26:12,048  INFO SpringbootLog4jAopApplication:57 - Started SpringbootLog4jAopApplication in 4.929 seconds (JVM running for 5.695)
2017-04-12 17:26:12,892  INFO cluster:76 - Exception in monitor thread while connecting to server localhost:27017
com.mongodb.MongoSocketOpenException: Exception opening socket
	at com.mongodb.connection.SocketStream.open(SocketStream.java:63)
	at com.mongodb.connection.InternalStreamConnection.open(InternalStreamConnection.java:115)
	at com.mongodb.connection.DefaultServerMonitor$ServerMonitorRunnable.run(DefaultServerMonitor.java:113)
	at java.lang.Thread.run(Thread.java:745)
Caused by: java.net.ConnectException: Connection refused: connect
	at java.net.DualStackPlainSocketImpl.waitForConnect(Native Method)
	at java.net.DualStackPlainSocketImpl.socketConnect(DualStackPlainSocketImpl.java:85)
	at java.net.AbstractPlainSocketImpl.doConnect(AbstractPlainSocketImpl.java:350)
	at java.net.AbstractPlainSocketImpl.connectToAddress(AbstractPlainSocketImpl.java:206)
	at java.net.AbstractPlainSocketImpl.connect(AbstractPlainSocketImpl.java:188)
	at java.net.PlainSocketImpl.connect(PlainSocketImpl.java:172)
	at java.net.SocksSocketImpl.connect(SocksSocketImpl.java:392)
	at java.net.Socket.connect(Socket.java:589)
	at com.mongodb.connection.SocketStreamHelper.initialize(SocketStreamHelper.java:57)
	at com.mongodb.connection.SocketStream.open(SocketStream.java:58)
	... 3 more
2017-04-12 17:27:09,891  INFO SpringbootLog4jAopApplication:48 - Starting SpringbootLog4jAopApplication on DESKTOP-JF9M0VD with PID 5272 (D:\ideaWorkspace\Springboot1.5.2_Learning\springboot-log4j-aop\target\classes started by zhangtian in D:\ideaWorkspace\Springboot1.5.2_Learning)
2017-04-12 17:27:09,893 DEBUG SpringbootLog4jAopApplication:51 - Running with Spring Boot v1.5.2.RELEASE, Spring v4.3.7.RELEASE
2017-04-12 17:27:09,894  INFO SpringbootLog4jAopApplication:637 - No active profile set, falling back to default profiles: default
2017-04-12 17:27:09,977  INFO AnnotationConfigEmbeddedWebApplicationContext:582 - Refreshing org.springframework.boot.context.embedded.AnnotationConfigEmbeddedWebApplicationContext@5c33f1a9: startup date [Wed Apr 12 17:27:09 CST 2017]; root of context hierarchy
2017-04-12 17:27:10,433  INFO Version:30 - HV000001: Hibernate Validator 5.3.4.Final
2017-04-12 17:27:12,614  INFO TomcatEmbeddedServletContainer:89 - Tomcat initialized with port(s): 8080 (http)
2017-04-12 17:27:12,737  INFO ContextLoader:276 - Root WebApplicationContext: initialization completed in 2765 ms
2017-04-12 17:27:12,958  INFO ServletRegistrationBean:190 - Mapping servlet: 'dispatcherServlet' to [/]
2017-04-12 17:27:12,963  INFO FilterRegistrationBean:258 - Mapping filter: 'characterEncodingFilter' to: [/*]
2017-04-12 17:27:12,963  INFO FilterRegistrationBean:258 - Mapping filter: 'hiddenHttpMethodFilter' to: [/*]
2017-04-12 17:27:12,964  INFO FilterRegistrationBean:258 - Mapping filter: 'httpPutFormContentFilter' to: [/*]
2017-04-12 17:27:12,964  INFO FilterRegistrationBean:258 - Mapping filter: 'requestContextFilter' to: [/*]
2017-04-12 17:27:13,532  INFO RequestMappingHandlerAdapter:534 - Looking for @ControllerAdvice: org.springframework.boot.context.embedded.AnnotationConfigEmbeddedWebApplicationContext@5c33f1a9: startup date [Wed Apr 12 17:27:09 CST 2017]; root of context hierarchy
2017-04-12 17:27:13,624  INFO RequestMappingHandlerMapping:543 - Mapped "{[/hello],methods=[GET]}" onto public java.lang.String cn.itcast.zt.web.HelloController.hello(java.lang.String)
2017-04-12 17:27:13,629  INFO RequestMappingHandlerMapping:543 - Mapped "{[/error]}" onto public org.springframework.http.ResponseEntity<java.util.Map<java.lang.String, java.lang.Object>> org.springframework.boot.autoconfigure.web.BasicErrorController.error(javax.servlet.http.HttpServletRequest)
2017-04-12 17:27:13,629  INFO RequestMappingHandlerMapping:543 - Mapped "{[/error],produces=[text/html]}" onto public org.springframework.web.servlet.ModelAndView org.springframework.boot.autoconfigure.web.BasicErrorController.errorHtml(javax.servlet.http.HttpServletRequest,javax.servlet.http.HttpServletResponse)
2017-04-12 17:27:13,697  INFO SimpleUrlHandlerMapping:362 - Mapped URL path [/webjars/**] onto handler of type [class org.springframework.web.servlet.resource.ResourceHttpRequestHandler]
2017-04-12 17:27:13,697  INFO SimpleUrlHandlerMapping:362 - Mapped URL path [/**] onto handler of type [class org.springframework.web.servlet.resource.ResourceHttpRequestHandler]
2017-04-12 17:27:13,763  INFO SimpleUrlHandlerMapping:362 - Mapped URL path [/**/favicon.ico] onto handler of type [class org.springframework.web.servlet.resource.ResourceHttpRequestHandler]
2017-04-12 17:27:14,179  INFO cluster:71 - Cluster created with settings {hosts=[localhost:27017], mode=SINGLE, requiredClusterType=UNKNOWN, serverSelectionTimeout='30000 ms', maxWaitQueueSize=500}
2017-04-12 17:27:14,399  INFO AnnotationMBeanExporter:431 - Registering beans for JMX exposure on startup
2017-04-12 17:27:14,453  INFO TomcatEmbeddedServletContainer:198 - Tomcat started on port(s): 8080 (http)
2017-04-12 17:27:14,461  INFO SpringbootLog4jAopApplication:57 - Started SpringbootLog4jAopApplication in 5.123 seconds (JVM running for 5.768)
2017-04-12 17:27:15,230  INFO cluster:76 - Exception in monitor thread while connecting to server localhost:27017
com.mongodb.MongoSocketOpenException: Exception opening socket
	at com.mongodb.connection.SocketStream.open(SocketStream.java:63)
	at com.mongodb.connection.InternalStreamConnection.open(InternalStreamConnection.java:115)
	at com.mongodb.connection.DefaultServerMonitor$ServerMonitorRunnable.run(DefaultServerMonitor.java:113)
	at java.lang.Thread.run(Thread.java:745)
Caused by: java.net.ConnectException: Connection refused: connect
	at java.net.DualStackPlainSocketImpl.waitForConnect(Native Method)
	at java.net.DualStackPlainSocketImpl.socketConnect(DualStackPlainSocketImpl.java:85)
	at java.net.AbstractPlainSocketImpl.doConnect(AbstractPlainSocketImpl.java:350)
	at java.net.AbstractPlainSocketImpl.connectToAddress(AbstractPlainSocketImpl.java:206)
	at java.net.AbstractPlainSocketImpl.connect(AbstractPlainSocketImpl.java:188)
	at java.net.PlainSocketImpl.connect(PlainSocketImpl.java:172)
	at java.net.SocksSocketImpl.connect(SocksSocketImpl.java:392)
	at java.net.Socket.connect(Socket.java:589)
	at com.mongodb.connection.SocketStreamHelper.initialize(SocketStreamHelper.java:57)
	at com.mongodb.connection.SocketStream.open(SocketStream.java:58)
	... 3 more
2017-04-12 17:29:45,932  INFO SpringbootLog4jAopApplication:48 - Starting SpringbootLog4jAopApplication on DESKTOP-JF9M0VD with PID 2972 (D:\ideaWorkspace\Springboot1.5.2_Learning\springboot-log4j-aop\target\classes started by zhangtian in D:\ideaWorkspace\Springboot1.5.2_Learning)
2017-04-12 17:29:45,935 DEBUG SpringbootLog4jAopApplication:51 - Running with Spring Boot v1.5.2.RELEASE, Spring v4.3.7.RELEASE
2017-04-12 17:29:45,936  INFO SpringbootLog4jAopApplication:637 - No active profile set, falling back to default profiles: default
2017-04-12 17:29:46,000  INFO AnnotationConfigEmbeddedWebApplicationContext:582 - Refreshing org.springframework.boot.context.embedded.AnnotationConfigEmbeddedWebApplicationContext@5c33f1a9: startup date [Wed Apr 12 17:29:45 CST 2017]; root of context hierarchy
2017-04-12 17:29:46,353  INFO Version:30 - HV000001: Hibernate Validator 5.3.4.Final
2017-04-12 17:29:47,802  INFO TomcatEmbeddedServletContainer:89 - Tomcat initialized with port(s): 8080 (http)
2017-04-12 17:29:47,946  INFO ContextLoader:276 - Root WebApplicationContext: initialization completed in 1949 ms
2017-04-12 17:29:48,161  INFO ServletRegistrationBean:190 - Mapping servlet: 'dispatcherServlet' to [/]
2017-04-12 17:29:48,168  INFO FilterRegistrationBean:258 - Mapping filter: 'characterEncodingFilter' to: [/*]
2017-04-12 17:29:48,169  INFO FilterRegistrationBean:258 - Mapping filter: 'hiddenHttpMethodFilter' to: [/*]
2017-04-12 17:29:48,169  INFO FilterRegistrationBean:258 - Mapping filter: 'httpPutFormContentFilter' to: [/*]
2017-04-12 17:29:48,170  INFO FilterRegistrationBean:258 - Mapping filter: 'requestContextFilter' to: [/*]
2017-04-12 17:29:48,701  INFO RequestMappingHandlerAdapter:534 - Looking for @ControllerAdvice: org.springframework.boot.context.embedded.AnnotationConfigEmbeddedWebApplicationContext@5c33f1a9: startup date [Wed Apr 12 17:29:45 CST 2017]; root of context hierarchy
2017-04-12 17:29:48,813  INFO RequestMappingHandlerMapping:543 - Mapped "{[/hello],methods=[GET]}" onto public java.lang.String cn.itcast.zt.web.HelloController.hello(java.lang.String)
2017-04-12 17:29:48,817  INFO RequestMappingHandlerMapping:543 - Mapped "{[/error]}" onto public org.springframework.http.ResponseEntity<java.util.Map<java.lang.String, java.lang.Object>> org.springframework.boot.autoconfigure.web.BasicErrorController.error(javax.servlet.http.HttpServletRequest)
2017-04-12 17:29:48,817  INFO RequestMappingHandlerMapping:543 - Mapped "{[/error],produces=[text/html]}" onto public org.springframework.web.servlet.ModelAndView org.springframework.boot.autoconfigure.web.BasicErrorController.errorHtml(javax.servlet.http.HttpServletRequest,javax.servlet.http.HttpServletResponse)
2017-04-12 17:29:48,877  INFO SimpleUrlHandlerMapping:362 - Mapped URL path [/webjars/**] onto handler of type [class org.springframework.web.servlet.resource.ResourceHttpRequestHandler]
2017-04-12 17:29:48,877  INFO SimpleUrlHandlerMapping:362 - Mapped URL path [/**] onto handler of type [class org.springframework.web.servlet.resource.ResourceHttpRequestHandler]
2017-04-12 17:29:48,944  INFO SimpleUrlHandlerMapping:362 - Mapped URL path [/**/favicon.ico] onto handler of type [class org.springframework.web.servlet.resource.ResourceHttpRequestHandler]
2017-04-12 17:29:49,322  INFO cluster:71 - Cluster created with settings {hosts=[localhost:27017], mode=SINGLE, requiredClusterType=UNKNOWN, serverSelectionTimeout='30000 ms', maxWaitQueueSize=500}
2017-04-12 17:29:49,669  INFO AnnotationMBeanExporter:431 - Registering beans for JMX exposure on startup
2017-04-12 17:29:49,727  INFO TomcatEmbeddedServletContainer:198 - Tomcat started on port(s): 8080 (http)
2017-04-12 17:29:49,733  INFO SpringbootLog4jAopApplication:57 - Started SpringbootLog4jAopApplication in 4.077 seconds (JVM running for 84.043)
2017-04-12 17:29:50,402  INFO cluster:76 - Exception in monitor thread while connecting to server localhost:27017
com.mongodb.MongoSocketOpenException: Exception opening socket
	at com.mongodb.connection.SocketStream.open(SocketStream.java:63)
	at com.mongodb.connection.InternalStreamConnection.open(InternalStreamConnection.java:115)
	at com.mongodb.connection.DefaultServerMonitor$ServerMonitorRunnable.run(DefaultServerMonitor.java:113)
	at java.lang.Thread.run(Thread.java:745)
Caused by: java.net.ConnectException: Connection refused: connect
	at java.net.DualStackPlainSocketImpl.waitForConnect(Native Method)
	at java.net.DualStackPlainSocketImpl.socketConnect(DualStackPlainSocketImpl.java:85)
	at java.net.AbstractPlainSocketImpl.doConnect(AbstractPlainSocketImpl.java:350)
	at java.net.AbstractPlainSocketImpl.connectToAddress(AbstractPlainSocketImpl.java:206)
	at java.net.AbstractPlainSocketImpl.connect(AbstractPlainSocketImpl.java:188)
	at java.net.PlainSocketImpl.connect(PlainSocketImpl.java:172)
	at java.net.SocksSocketImpl.connect(SocksSocketImpl.java:392)
	at java.net.Socket.connect(Socket.java:589)
	at com.mongodb.connection.SocketStreamHelper.initialize(SocketStreamHelper.java:57)
	at com.mongodb.connection.SocketStream.open(SocketStream.java:58)
	... 3 more
2017-04-12 17:31:28,751  INFO SpringbootLog4jAopApplication:48 - Starting SpringbootLog4jAopApplication on DESKTOP-JF9M0VD with PID 11208 (D:\ideaWorkspace\Springboot1.5.2_Learning\springboot-log4j-aop\target\classes started by zhangtian in D:\ideaWorkspace\Springboot1.5.2_Learning)
2017-04-12 17:31:28,755 DEBUG SpringbootLog4jAopApplication:51 - Running with Spring Boot v1.5.2.RELEASE, Spring v4.3.7.RELEASE
2017-04-12 17:31:28,756  INFO SpringbootLog4jAopApplication:637 - No active profile set, falling back to default profiles: default
2017-04-12 17:31:28,848  INFO AnnotationConfigEmbeddedWebApplicationContext:582 - Refreshing org.springframework.boot.context.embedded.AnnotationConfigEmbeddedWebApplicationContext@5c33f1a9: startup date [Wed Apr 12 17:31:28 CST 2017]; root of context hierarchy
2017-04-12 17:31:29,302  INFO Version:30 - HV000001: Hibernate Validator 5.3.4.Final
2017-04-12 17:31:31,831  INFO TomcatEmbeddedServletContainer:89 - Tomcat initialized with port(s): 8080 (http)
2017-04-12 17:31:31,955  INFO ContextLoader:276 - Root WebApplicationContext: initialization completed in 3111 ms
2017-04-12 17:31:32,208  INFO ServletRegistrationBean:190 - Mapping servlet: 'dispatcherServlet' to [/]
2017-04-12 17:31:32,215  INFO FilterRegistrationBean:258 - Mapping filter: 'characterEncodingFilter' to: [/*]
2017-04-12 17:31:32,216  INFO FilterRegistrationBean:258 - Mapping filter: 'hiddenHttpMethodFilter' to: [/*]
2017-04-12 17:31:32,216  INFO FilterRegistrationBean:258 - Mapping filter: 'httpPutFormContentFilter' to: [/*]
2017-04-12 17:31:32,216  INFO FilterRegistrationBean:258 - Mapping filter: 'requestContextFilter' to: [/*]
2017-04-12 17:31:32,704  INFO RequestMappingHandlerAdapter:534 - Looking for @ControllerAdvice: org.springframework.boot.context.embedded.AnnotationConfigEmbeddedWebApplicationContext@5c33f1a9: startup date [Wed Apr 12 17:31:28 CST 2017]; root of context hierarchy
2017-04-12 17:31:32,776  INFO RequestMappingHandlerMapping:543 - Mapped "{[/hello],methods=[GET]}" onto public java.lang.String cn.itcast.zt.web.HelloController.hello(java.lang.String)
2017-04-12 17:31:32,780  INFO RequestMappingHandlerMapping:543 - Mapped "{[/error]}" onto public org.springframework.http.ResponseEntity<java.util.Map<java.lang.String, java.lang.Object>> org.springframework.boot.autoconfigure.web.BasicErrorController.error(javax.servlet.http.HttpServletRequest)
2017-04-12 17:31:32,781  INFO RequestMappingHandlerMapping:543 - Mapped "{[/error],produces=[text/html]}" onto public org.springframework.web.servlet.ModelAndView org.springframework.boot.autoconfigure.web.BasicErrorController.errorHtml(javax.servlet.http.HttpServletRequest,javax.servlet.http.HttpServletResponse)
2017-04-12 17:31:32,842  INFO SimpleUrlHandlerMapping:362 - Mapped URL path [/webjars/**] onto handler of type [class org.springframework.web.servlet.resource.ResourceHttpRequestHandler]
2017-04-12 17:31:32,843  INFO SimpleUrlHandlerMapping:362 - Mapped URL path [/**] onto handler of type [class org.springframework.web.servlet.resource.ResourceHttpRequestHandler]
2017-04-12 17:31:32,917  INFO SimpleUrlHandlerMapping:362 - Mapped URL path [/**/favicon.ico] onto handler of type [class org.springframework.web.servlet.resource.ResourceHttpRequestHandler]
2017-04-12 17:31:33,349  INFO cluster:71 - Cluster created with settings {hosts=[localhost:27017], mode=SINGLE, requiredClusterType=UNKNOWN, serverSelectionTimeout='30000 ms', maxWaitQueueSize=500}
2017-04-12 17:31:33,637  INFO AnnotationMBeanExporter:431 - Registering beans for JMX exposure on startup
2017-04-12 17:31:33,695  INFO TomcatEmbeddedServletContainer:198 - Tomcat started on port(s): 8080 (http)
2017-04-12 17:31:33,701  INFO SpringbootLog4jAopApplication:57 - Started SpringbootLog4jAopApplication in 5.396 seconds (JVM running for 6.133)
2017-04-12 17:31:34,597  INFO cluster:76 - Exception in monitor thread while connecting to server localhost:27017
com.mongodb.MongoSocketOpenException: Exception opening socket
	at com.mongodb.connection.SocketStream.open(SocketStream.java:63)
	at com.mongodb.connection.InternalStreamConnection.open(InternalStreamConnection.java:115)
	at com.mongodb.connection.DefaultServerMonitor$ServerMonitorRunnable.run(DefaultServerMonitor.java:113)
	at java.lang.Thread.run(Thread.java:745)
Caused by: java.net.ConnectException: Connection refused: connect
	at java.net.DualStackPlainSocketImpl.waitForConnect(Native Method)
	at java.net.DualStackPlainSocketImpl.socketConnect(DualStackPlainSocketImpl.java:85)
	at java.net.AbstractPlainSocketImpl.doConnect(AbstractPlainSocketImpl.java:350)
	at java.net.AbstractPlainSocketImpl.connectToAddress(AbstractPlainSocketImpl.java:206)
	at java.net.AbstractPlainSocketImpl.connect(AbstractPlainSocketImpl.java:188)
	at java.net.PlainSocketImpl.connect(PlainSocketImpl.java:172)
	at java.net.SocksSocketImpl.connect(SocksSocketImpl.java:392)
	at java.net.Socket.connect(Socket.java:589)
	at com.mongodb.connection.SocketStreamHelper.initialize(SocketStreamHelper.java:57)
	at com.mongodb.connection.SocketStream.open(SocketStream.java:58)
	... 3 more
2017-04-12 17:41:41,800  INFO SpringbootLog4jAopApplication:48 - Starting SpringbootLog4jAopApplication on DESKTOP-JF9M0VD with PID 7484 (D:\ideaWorkspace\Springboot1.5.2_Learning\springboot-log4j-aop\target\classes started by zhangtian in D:\ideaWorkspace\Springboot1.5.2_Learning)
2017-04-12 17:41:41,812 DEBUG SpringbootLog4jAopApplication:51 - Running with Spring Boot v1.5.2.RELEASE, Spring v4.3.7.RELEASE
2017-04-12 17:41:41,813  INFO SpringbootLog4jAopApplication:637 - No active profile set, falling back to default profiles: default
2017-04-12 17:41:41,940  INFO AnnotationConfigEmbeddedWebApplicationContext:582 - Refreshing org.springframework.boot.context.embedded.AnnotationConfigEmbeddedWebApplicationContext@5c33f1a9: startup date [Wed Apr 12 17:41:41 CST 2017]; root of context hierarchy
2017-04-12 17:41:42,424  INFO Version:30 - HV000001: Hibernate Validator 5.3.4.Final
2017-04-12 17:41:44,719  INFO TomcatEmbeddedServletContainer:89 - Tomcat initialized with port(s): 8080 (http)
2017-04-12 17:41:44,810  INFO ContextLoader:276 - Root WebApplicationContext: initialization completed in 2883 ms
2017-04-12 17:41:45,021  INFO ServletRegistrationBean:190 - Mapping servlet: 'dispatcherServlet' to [/]
2017-04-12 17:41:45,025  INFO FilterRegistrationBean:258 - Mapping filter: 'characterEncodingFilter' to: [/*]
2017-04-12 17:41:45,026  INFO FilterRegistrationBean:258 - Mapping filter: 'hiddenHttpMethodFilter' to: [/*]
2017-04-12 17:41:45,026  INFO FilterRegistrationBean:258 - Mapping filter: 'httpPutFormContentFilter' to: [/*]
2017-04-12 17:41:45,026  INFO FilterRegistrationBean:258 - Mapping filter: 'requestContextFilter' to: [/*]
2017-04-12 17:41:45,526  INFO RequestMappingHandlerAdapter:534 - Looking for @ControllerAdvice: org.springframework.boot.context.embedded.AnnotationConfigEmbeddedWebApplicationContext@5c33f1a9: startup date [Wed Apr 12 17:41:41 CST 2017]; root of context hierarchy
2017-04-12 17:41:45,632  INFO RequestMappingHandlerMapping:543 - Mapped "{[/hello],methods=[GET]}" onto public java.lang.String cn.itcast.zt.web.HelloController.hello(java.lang.String)
2017-04-12 17:41:45,637  INFO RequestMappingHandlerMapping:543 - Mapped "{[/error]}" onto public org.springframework.http.ResponseEntity<java.util.Map<java.lang.String, java.lang.Object>> org.springframework.boot.autoconfigure.web.BasicErrorController.error(javax.servlet.http.HttpServletRequest)
2017-04-12 17:41:45,638  INFO RequestMappingHandlerMapping:543 - Mapped "{[/error],produces=[text/html]}" onto public org.springframework.web.servlet.ModelAndView org.springframework.boot.autoconfigure.web.BasicErrorController.errorHtml(javax.servlet.http.HttpServletRequest,javax.servlet.http.HttpServletResponse)
2017-04-12 17:41:45,779  INFO SimpleUrlHandlerMapping:362 - Mapped URL path [/webjars/**] onto handler of type [class org.springframework.web.servlet.resource.ResourceHttpRequestHandler]
2017-04-12 17:41:45,779  INFO SimpleUrlHandlerMapping:362 - Mapped URL path [/**] onto handler of type [class org.springframework.web.servlet.resource.ResourceHttpRequestHandler]
2017-04-12 17:41:45,847  INFO SimpleUrlHandlerMapping:362 - Mapped URL path [/**/favicon.ico] onto handler of type [class org.springframework.web.servlet.resource.ResourceHttpRequestHandler]
2017-04-12 17:41:46,277  INFO cluster:71 - Cluster created with settings {hosts=[localhost:27017], mode=SINGLE, requiredClusterType=UNKNOWN, serverSelectionTimeout='30000 ms', maxWaitQueueSize=500}
2017-04-12 17:41:46,533  INFO AnnotationMBeanExporter:431 - Registering beans for JMX exposure on startup
2017-04-12 17:41:46,590  INFO TomcatEmbeddedServletContainer:198 - Tomcat started on port(s): 8080 (http)
2017-04-12 17:41:46,597  INFO SpringbootLog4jAopApplication:57 - Started SpringbootLog4jAopApplication in 5.259 seconds (JVM running for 5.982)
2017-04-12 17:41:47,497  INFO cluster:76 - Exception in monitor thread while connecting to server localhost:27017
com.mongodb.MongoSocketOpenException: Exception opening socket
	at com.mongodb.connection.SocketStream.open(SocketStream.java:63)
	at com.mongodb.connection.InternalStreamConnection.open(InternalStreamConnection.java:115)
	at com.mongodb.connection.DefaultServerMonitor$ServerMonitorRunnable.run(DefaultServerMonitor.java:113)
	at java.lang.Thread.run(Thread.java:745)
Caused by: java.net.ConnectException: Connection refused: connect
	at java.net.DualStackPlainSocketImpl.waitForConnect(Native Method)
	at java.net.DualStackPlainSocketImpl.socketConnect(DualStackPlainSocketImpl.java:85)
	at java.net.AbstractPlainSocketImpl.doConnect(AbstractPlainSocketImpl.java:350)
	at java.net.AbstractPlainSocketImpl.connectToAddress(AbstractPlainSocketImpl.java:206)
	at java.net.AbstractPlainSocketImpl.connect(AbstractPlainSocketImpl.java:188)
	at java.net.PlainSocketImpl.connect(PlainSocketImpl.java:172)
	at java.net.SocksSocketImpl.connect(SocksSocketImpl.java:392)
	at java.net.Socket.connect(Socket.java:589)
	at com.mongodb.connection.SocketStreamHelper.initialize(SocketStreamHelper.java:57)
	at com.mongodb.connection.SocketStream.open(SocketStream.java:58)
	... 3 more
2017-04-12 17:45:25,257  INFO SpringbootLog4jAopApplication:48 - Starting SpringbootLog4jAopApplication on DESKTOP-JF9M0VD with PID 6028 (D:\ideaWorkspace\Springboot1.5.2_Learning\springboot-log4j-aop\target\classes started by zhangtian in D:\ideaWorkspace\Springboot1.5.2_Learning)
2017-04-12 17:45:25,260 DEBUG SpringbootLog4jAopApplication:51 - Running with Spring Boot v1.5.2.RELEASE, Spring v4.3.7.RELEASE
2017-04-12 17:45:25,261  INFO SpringbootLog4jAopApplication:637 - No active profile set, falling back to default profiles: default
2017-04-12 17:45:25,334  INFO AnnotationConfigEmbeddedWebApplicationContext:582 - Refreshing org.springframework.boot.context.embedded.AnnotationConfigEmbeddedWebApplicationContext@5c33f1a9: startup date [Wed Apr 12 17:45:25 CST 2017]; root of context hierarchy
2017-04-12 17:45:25,966  INFO Version:30 - HV000001: Hibernate Validator 5.3.4.Final
2017-04-12 17:45:28,018  INFO TomcatEmbeddedServletContainer:89 - Tomcat initialized with port(s): 8080 (http)
2017-04-12 17:45:28,156  INFO ContextLoader:276 - Root WebApplicationContext: initialization completed in 2825 ms
2017-04-12 17:45:28,378  INFO ServletRegistrationBean:190 - Mapping servlet: 'dispatcherServlet' to [/]
2017-04-12 17:45:28,385  INFO FilterRegistrationBean:258 - Mapping filter: 'characterEncodingFilter' to: [/*]
2017-04-12 17:45:28,386  INFO FilterRegistrationBean:258 - Mapping filter: 'hiddenHttpMethodFilter' to: [/*]
2017-04-12 17:45:28,386  INFO FilterRegistrationBean:258 - Mapping filter: 'httpPutFormContentFilter' to: [/*]
2017-04-12 17:45:28,386  INFO FilterRegistrationBean:258 - Mapping filter: 'requestContextFilter' to: [/*]
2017-04-12 17:45:28,979  INFO RequestMappingHandlerAdapter:534 - Looking for @ControllerAdvice: org.springframework.boot.context.embedded.AnnotationConfigEmbeddedWebApplicationContext@5c33f1a9: startup date [Wed Apr 12 17:45:25 CST 2017]; root of context hierarchy
2017-04-12 17:45:29,054  INFO RequestMappingHandlerMapping:543 - Mapped "{[/hello],methods=[GET]}" onto public java.lang.String cn.itcast.zt.web.HelloController.hello(java.lang.String)
2017-04-12 17:45:29,058  INFO RequestMappingHandlerMapping:543 - Mapped "{[/error]}" onto public org.springframework.http.ResponseEntity<java.util.Map<java.lang.String, java.lang.Object>> org.springframework.boot.autoconfigure.web.BasicErrorController.error(javax.servlet.http.HttpServletRequest)
2017-04-12 17:45:29,059  INFO RequestMappingHandlerMapping:543 - Mapped "{[/error],produces=[text/html]}" onto public org.springframework.web.servlet.ModelAndView org.springframework.boot.autoconfigure.web.BasicErrorController.errorHtml(javax.servlet.http.HttpServletRequest,javax.servlet.http.HttpServletResponse)
2017-04-12 17:45:29,121  INFO SimpleUrlHandlerMapping:362 - Mapped URL path [/webjars/**] onto handler of type [class org.springframework.web.servlet.resource.ResourceHttpRequestHandler]
2017-04-12 17:45:29,121  INFO SimpleUrlHandlerMapping:362 - Mapped URL path [/**] onto handler of type [class org.springframework.web.servlet.resource.ResourceHttpRequestHandler]
2017-04-12 17:45:29,177  INFO SimpleUrlHandlerMapping:362 - Mapped URL path [/**/favicon.ico] onto handler of type [class org.springframework.web.servlet.resource.ResourceHttpRequestHandler]
2017-04-12 17:45:29,560  INFO cluster:71 - Cluster created with settings {hosts=[localhost:27017], mode=SINGLE, requiredClusterType=UNKNOWN, serverSelectionTimeout='30000 ms', maxWaitQueueSize=500}
2017-04-12 17:45:29,958  INFO AnnotationMBeanExporter:431 - Registering beans for JMX exposure on startup
2017-04-12 17:45:30,025  INFO TomcatEmbeddedServletContainer:198 - Tomcat started on port(s): 8080 (http)
2017-04-12 17:45:30,029  INFO SpringbootLog4jAopApplication:57 - Started SpringbootLog4jAopApplication in 5.223 seconds (JVM running for 5.896)
2017-04-12 17:45:30,657  INFO cluster:76 - Exception in monitor thread while connecting to server localhost:27017
com.mongodb.MongoSocketOpenException: Exception opening socket
	at com.mongodb.connection.SocketStream.open(SocketStream.java:63)
	at com.mongodb.connection.InternalStreamConnection.open(InternalStreamConnection.java:115)
	at com.mongodb.connection.DefaultServerMonitor$ServerMonitorRunnable.run(DefaultServerMonitor.java:113)
	at java.lang.Thread.run(Thread.java:745)
Caused by: java.net.ConnectException: Connection refused: connect
	at java.net.DualStackPlainSocketImpl.waitForConnect(Native Method)
	at java.net.DualStackPlainSocketImpl.socketConnect(DualStackPlainSocketImpl.java:85)
	at java.net.AbstractPlainSocketImpl.doConnect(AbstractPlainSocketImpl.java:350)
	at java.net.AbstractPlainSocketImpl.connectToAddress(AbstractPlainSocketImpl.java:206)
	at java.net.AbstractPlainSocketImpl.connect(AbstractPlainSocketImpl.java:188)
	at java.net.PlainSocketImpl.connect(PlainSocketImpl.java:172)
	at java.net.SocksSocketImpl.connect(SocksSocketImpl.java:392)
	at java.net.Socket.connect(Socket.java:589)
	at com.mongodb.connection.SocketStreamHelper.initialize(SocketStreamHelper.java:57)
	at com.mongodb.connection.SocketStream.open(SocketStream.java:58)
	... 3 more
